<?xml version="1.0" encoding="UTF-8"?>
<!-- Generated by org.testng.reporters.JUnitXMLReporter -->
<testsuite ignored="0" hostname="LAPTOP-04B1LE1H" failures="1" tests="3" name="cucumber-8-series-testng" time="18.897" errors="0" timestamp="2023-08-27T15:21:12 BST">
  <testcase classname="io.cucumber.testng.AbstractTestNGCucumberTests" name="runScenario" time="4.821"/>
  <testcase classname="io.cucumber.testng.AbstractTestNGCucumberTests" name="runScenario" time="5.136">
    <failure type="java.lang.AssertionError" message="Login page not displayed expected [Welcome, Please Sign In] but found [Welcome, Please Sign In!]">
      <![CDATA[java.lang.AssertionError: Login page not displayed expected [Welcome, Please Sign In] but found [Welcome, Please Sign In!]
at com.nopcommerce.demo.steps.LoginSteps.iShouldNavigateToLoginPageSuccessfully(LoginSteps.java:33)
at ✽.I should navigate to login page successfully(file:///C:/Users/jayen/PrimeTesting/PrimeBatch_101/cucumber-8-series-testng/src/test/resources/features/login.feature:11)
... Removed 5 stack frames]]>
    </failure>
  </testcase> <!-- runScenario -->
  <testcase classname="io.cucumber.testng.AbstractTestNGCucumberTests" name="runScenario" time="5.024"/>
</testsuite> <!-- cucumber-8-series-testng -->
